[2021-10-11T02:12:14.062+00:00] DataRefreshInitiated|Data refresh initiated|INFO|root|gafcscmiledu|25|https://gafcscmil.edu.gh|Site Data|Refreshing site data and flushing site data cache
[2021-10-11T02:12:18.299+00:00] SiteUpdatesCheckInitiated|Update check initiated|INFO|root|gafcscmiledu|25|https://gafcscmil.edu.gh|Updates|Checking for available updates was initiated
[2021-10-11T02:12:29.034+00:00] SiteCoreHasNoUpdates|WordPress core update not found|INFO|root|gafcscmiledu|25|https://gafcscmil.edu.gh|Updates|Updates for WordPress core not found. Current WordPress core version: 5.8.1. WordPress core is up-to-date
[2021-10-11T02:12:31.604+00:00] SitePluginHasUpdate|Plugin update found|INFO|root|gafcscmiledu|25|https://gafcscmil.edu.gh|Updates|Update for plugin Akismet Anti-Spam (akismet) found. Current plugin version: 4.1.12, available plugin version: 4.2.1
[2021-10-11T02:12:34.320+00:00] SitePluginHasNoUpdates|Plugin updates not found|INFO|root|gafcscmiledu|25|https://gafcscmil.edu.gh|Updates|Updates for plugin Classic Editor (classic-editor) not found. Current plugin version: 1.6.2. Plugin is up-to-date
[2021-10-11T02:12:37.470+00:00] SitePluginHasNoUpdates|Plugin updates not found|INFO|root|gafcscmiledu|25|https://gafcscmil.edu.gh|Updates|Updates for plugin Coming Soon Page, Maintenance Mode & Landing Pages by SeedProd (coming-soon) not found. Current plugin version: 6.6.0. Plugin is up-to-date
[2021-10-11T02:12:40.467+00:00] SitePluginHasNoUpdates|Plugin updates not found|INFO|root|gafcscmiledu|25|https://gafcscmil.edu.gh|Updates|Updates for plugin Ditty News Ticker (ditty-news-ticker) not found. Current plugin version: 2.3.12. Plugin is up-to-date
[2021-10-11T02:12:43.317+00:00] SitePluginHasUpdate|Plugin update found|INFO|root|gafcscmiledu|25|https://gafcscmil.edu.gh|Updates|Update for plugin Google Analytics for WordPress by MonsterInsights (google-analytics-for-wordpress) found. Current plugin version: 8.0.1, available plugin version: 8.1.0
[2021-10-11T02:12:46.043+00:00] SitePluginHasNoUpdates|Plugin updates not found|INFO|root|gafcscmiledu|25|https://gafcscmil.edu.gh|Updates|Updates for plugin Hello Dolly (hello) not found. Current plugin version: 1.7.2. Plugin is up-to-date
[2021-10-11T02:12:48.871+00:00] SitePluginHasNoUpdates|Plugin updates not found|INFO|root|gafcscmiledu|25|https://gafcscmil.edu.gh|Updates|Updates for plugin ManageWP - Worker (worker) not found. Current plugin version: 4.9.10. Plugin is up-to-date
[2021-10-11T02:12:51.792+00:00] SitePluginHasNoUpdates|Plugin updates not found|INFO|root|gafcscmiledu|25|https://gafcscmil.edu.gh|Updates|Updates for plugin Pretty Links (pretty-link) not found. Current plugin version: 3.2.3. Plugin is up-to-date
[2021-10-11T02:12:54.760+00:00] SitePluginHasNoUpdates|Plugin updates not found|INFO|root|gafcscmiledu|25|https://gafcscmil.edu.gh|Updates|Updates for plugin Really Simple SSL (really-simple-ssl) not found. Current plugin version: 5.1.1. Plugin is up-to-date
[2021-10-11T02:12:57.760+00:00] SitePluginHasUpdate|Plugin update found|INFO|root|gafcscmiledu|25|https://gafcscmil.edu.gh|Updates|Update for plugin Ultimate Addons for Gutenberg (ultimate-addons-for-gutenberg) found. Current plugin version: 1.24.2, available plugin version: 1.25.0
[2021-10-11T02:13:00.945+00:00] SitePluginHasUpdate|Plugin update found|INFO|root|gafcscmiledu|25|https://gafcscmil.edu.gh|Updates|Update for plugin UpdraftPlus - Backup/Restore (updraftplus) found. Current plugin version: 1.16.61, available plugin version: 1.16.62
[2021-10-11T02:13:03.901+00:00] SitePluginHasUpdate|Plugin update found|INFO|root|gafcscmiledu|25|https://gafcscmil.edu.gh|Updates|Update for plugin WPForms Lite (wpforms-lite) found. Current plugin version: 1.6.9, available plugin version: 1.7.0
[2021-10-11T02:13:06.833+00:00] SitePluginHasUpdate|Plugin update found|INFO|root|gafcscmiledu|25|https://gafcscmil.edu.gh|Updates|Update for plugin WPS Hide Login (wps-hide-login) found. Current plugin version: 1.8.6, available plugin version: 1.8.7
[2021-10-11T02:13:09.729+00:00] SitePluginHasUpdate|Plugin update found|INFO|root|gafcscmiledu|25|https://gafcscmil.edu.gh|Updates|Update for plugin Yoast SEO (wordpress-seo) found. Current plugin version: 17.2.1, available plugin version: 17.3
[2021-10-11T02:13:12.450+00:00] SitePluginHasNoUpdates|Plugin updates not found|INFO|root|gafcscmiledu|25|https://gafcscmil.edu.gh|Updates|Updates for plugin  (0-worker) not found. Current plugin version: . Plugin is up-to-date
[2021-10-11T02:13:15.315+00:00] SiteThemeHasUpdate|Theme update found|INFO|root|gafcscmiledu|25|https://gafcscmil.edu.gh|Updates|Update for theme Divi (Divi) found. Current theme version: 4.6.5, available theme version: 4.11.2
[2021-10-11T02:13:17.614+00:00] SiteThemeHasUpdate|Theme update found|INFO|root|gafcscmiledu|25|https://gafcscmil.edu.gh|Updates|Update for theme Twenty Twenty-One (twentytwentyone) found. Current theme version: 1.1, available theme version: 1.4
[2021-10-11T02:13:20.495+00:00] SiteUpdatesChecked|Update check successful|INFO|root|gafcscmiledu|25|https://gafcscmil.edu.gh|Updates|Availability of updates was checked
[2021-10-11T02:13:59.594+00:00] DataRefreshed|Data refreshed|INFO|root|gafcscmiledu|25|https://gafcscmil.edu.gh|Site Data|Site data was refreshed and stored in cache
[2021-10-12T02:12:26.986+00:00] DataRefreshInitiated|Data refresh initiated|INFO|root|gafcscmiledu|25|https://gafcscmil.edu.gh|Site Data|Refreshing site data and flushing site data cache
[2021-10-12T02:12:31.599+00:00] SiteUpdatesCheckInitiated|Update check initiated|INFO|root|gafcscmiledu|25|https://gafcscmil.edu.gh|Updates|Checking for available updates was initiated
[2021-10-12T02:12:44.643+00:00] SiteCoreHasNoUpdates|WordPress core update not found|INFO|root|gafcscmiledu|25|https://gafcscmil.edu.gh|Updates|Updates for WordPress core not found. Current WordPress core version: 5.8.1. WordPress core is up-to-date
[2021-10-12T02:12:47.713+00:00] SitePluginHasUpdate|Plugin update found|INFO|root|gafcscmiledu|25|https://gafcscmil.edu.gh|Updates|Update for plugin Akismet Anti-Spam (akismet) found. Current plugin version: 4.1.12, available plugin version: 4.2.1
[2021-10-12T02:12:50.715+00:00] SitePluginHasNoUpdates|Plugin updates not found|INFO|root|gafcscmiledu|25|https://gafcscmil.edu.gh|Updates|Updates for plugin Classic Editor (classic-editor) not found. Current plugin version: 1.6.2. Plugin is up-to-date
[2021-10-12T02:12:53.708+00:00] SitePluginHasNoUpdates|Plugin updates not found|INFO|root|gafcscmiledu|25|https://gafcscmil.edu.gh|Updates|Updates for plugin Coming Soon Page, Maintenance Mode & Landing Pages by SeedProd (coming-soon) not found. Current plugin version: 6.6.0. Plugin is up-to-date
[2021-10-12T02:12:56.434+00:00] SitePluginHasNoUpdates|Plugin updates not found|INFO|root|gafcscmiledu|25|https://gafcscmil.edu.gh|Updates|Updates for plugin Ditty News Ticker (ditty-news-ticker) not found. Current plugin version: 2.3.12. Plugin is up-to-date
[2021-10-12T02:12:59.725+00:00] SitePluginHasUpdate|Plugin update found|INFO|root|gafcscmiledu|25|https://gafcscmil.edu.gh|Updates|Update for plugin Google Analytics for WordPress by MonsterInsights (google-analytics-for-wordpress) found. Current plugin version: 8.0.1, available plugin version: 8.1.0
[2021-10-12T02:13:02.550+00:00] SitePluginHasNoUpdates|Plugin updates not found|INFO|root|gafcscmiledu|25|https://gafcscmil.edu.gh|Updates|Updates for plugin Hello Dolly (hello) not found. Current plugin version: 1.7.2. Plugin is up-to-date
[2021-10-12T02:13:04.908+00:00] SitePluginHasNoUpdates|Plugin updates not found|INFO|root|gafcscmiledu|25|https://gafcscmil.edu.gh|Updates|Updates for plugin ManageWP - Worker (worker) not found. Current plugin version: 4.9.10. Plugin is up-to-date
[2021-10-12T02:13:07.583+00:00] SitePluginHasNoUpdates|Plugin updates not found|INFO|root|gafcscmiledu|25|https://gafcscmil.edu.gh|Updates|Updates for plugin Pretty Links (pretty-link) not found. Current plugin version: 3.2.3. Plugin is up-to-date
[2021-10-12T02:13:10.675+00:00] SitePluginHasNoUpdates|Plugin updates not found|INFO|root|gafcscmiledu|25|https://gafcscmil.edu.gh|Updates|Updates for plugin Really Simple SSL (really-simple-ssl) not found. Current plugin version: 5.1.1. Plugin is up-to-date
[2021-10-12T02:13:13.655+00:00] SitePluginHasUpdate|Plugin update found|INFO|root|gafcscmiledu|25|https://gafcscmil.edu.gh|Updates|Update for plugin Ultimate Addons for Gutenberg (ultimate-addons-for-gutenberg) found. Current plugin version: 1.24.2, available plugin version: 1.25.0
[2021-10-12T02:13:16.105+00:00] SitePluginHasUpdate|Plugin update found|INFO|root|gafcscmiledu|25|https://gafcscmil.edu.gh|Updates|Update for plugin UpdraftPlus - Backup/Restore (updraftplus) found. Current plugin version: 1.16.61, available plugin version: 1.16.62
[2021-10-12T02:13:18.622+00:00] SitePluginHasUpdate|Plugin update found|INFO|root|gafcscmiledu|25|https://gafcscmil.edu.gh|Updates|Update for plugin WPForms Lite (wpforms-lite) found. Current plugin version: 1.6.9, available plugin version: 1.7.0
[2021-10-12T02:13:20.861+00:00] SitePluginHasUpdate|Plugin update found|INFO|root|gafcscmiledu|25|https://gafcscmil.edu.gh|Updates|Update for plugin WPS Hide Login (wps-hide-login) found. Current plugin version: 1.8.6, available plugin version: 1.8.7
[2021-10-12T02:13:22.588+00:00] SitePluginHasUpdate|Plugin update found|INFO|root|gafcscmiledu|25|https://gafcscmil.edu.gh|Updates|Update for plugin Yoast SEO (wordpress-seo) found. Current plugin version: 17.2.1, available plugin version: 17.3
[2021-10-12T02:13:25.723+00:00] SitePluginHasNoUpdates|Plugin updates not found|INFO|root|gafcscmiledu|25|https://gafcscmil.edu.gh|Updates|Updates for plugin  (0-worker) not found. Current plugin version: . Plugin is up-to-date
[2021-10-12T02:13:28.576+00:00] SiteThemeHasUpdate|Theme update found|INFO|root|gafcscmiledu|25|https://gafcscmil.edu.gh|Updates|Update for theme Divi (Divi) found. Current theme version: 4.6.5, available theme version: 4.11.2
[2021-10-12T02:13:31.678+00:00] SiteThemeHasUpdate|Theme update found|INFO|root|gafcscmiledu|25|https://gafcscmil.edu.gh|Updates|Update for theme Twenty Twenty-One (twentytwentyone) found. Current theme version: 1.1, available theme version: 1.4
[2021-10-12T02:13:35.006+00:00] SiteUpdatesChecked|Update check successful|INFO|root|gafcscmiledu|25|https://gafcscmil.edu.gh|Updates|Availability of updates was checked
[2021-10-12T02:14:12.372+00:00] DataRefreshed|Data refreshed|INFO|root|gafcscmiledu|25|https://gafcscmil.edu.gh|Site Data|Site data was refreshed and stored in cache
